锝金投资一号,这是一封测试邮件,当您收到这封邮件是我们测试程序发送的send...
Total 0:00:02.870947s 锝金投资一号,这是一封测试邮件,当您收到这封邮件是我们测试程序发送的sendscuss!

五矿信托,这是一封测试系统邮件,您收到这封邮件是我们测试程序发送的send...
Total 0:00:01.959575s 五矿信托,这是一封测试系统邮件,您收到这封邮件是我们测试程序发送的sendscuss!

锝金投资一号,这是一封测试邮件,当您收到这封邮件是我们测试程序发送的发送中...
Total 0:00:02.160279s 锝金投资一号,这是一封测试邮件,当您收到这封邮件是我们测试程序发送的发送成功!

五矿信托,这是一封测试系统邮件,您收到这封邮件是我们测试程序发送的发送中...
Total 0:00:02.368943s 五矿信托,这是一封测试系统邮件,您收到这封邮件是我们测试程序发送的发送成功!

20171012 19:09:07锝金投资一号,这是一封测试邮件,当您收到这封邮件是我们测试程序发送的发送中...
Total 0:00:01.787008s 锝金投资一号,这是一封测试邮件,当您收到这封邮件是我们测试程序发送的发送成功!

20171012 19:09:09五矿信托,这是一封测试系统邮件,您收到这封邮件是我们测试程序发送的发送中...
Total 0:00:01.661715s 五矿信托,这是一封测试系统邮件,您收到这封邮件是我们测试程序发送的发送成功!

20171012 19:09:48锝金投资一号,这是一封测试邮件,当您收到这封邮件是我们测试程序发送的发送中...
Total 0:00:02.931309s 锝金投资一号,这是一封测试邮件,当您收到这封邮件是我们测试程序发送的发送成功!

20171012 19:09:51五矿信托,这是一封测试系统邮件,您收到这封邮件是我们测试程序发送的发送中...
Total 0:00:01.787843s 五矿信托,这是一封测试系统邮件,您收到这封邮件是我们测试程序发送的发送成功!

start20171012 19:12:05锝金投资一号,这是一封测试邮件,当您收到这封邮件是我们测试程序发送的发送中...
耗时 0:00:01.765202s 锝金投资一号,这是一封测试邮件,当您收到这封邮件是我们测试程序发送的发送成功!

start20171012 19:12:07五矿信托,这是一封测试系统邮件,您收到这封邮件是我们测试程序发送的发送中...
耗时 0:00:01.757747s 五矿信托,这是一封测试系统邮件,您收到这封邮件是我们测试程序发送的发送成功!

开始20171012 19:12:52锝金投资一号,这是一封测试邮件,当您收到这封邮件是我们测试程序发送的发送中...
耗时 0:00:01.868048s 锝金投资一号,这是一封测试邮件,当您收到这封邮件是我们测试程序发送的发送成功!

开始20171012 19:12:54五矿信托,这是一封测试系统邮件,您收到这封邮件是我们测试程序发送的发送中...
耗时 0:00:01.638889s 五矿信托,这是一封测试系统邮件,您收到这封邮件是我们测试程序发送的发送成功!

开始20171012 19:33:04锝金投资一号,这是一封测试邮件,当您收到这封邮件是我们测试程序发送的发送中...
耗时 0:00:01.808803s 锝金投资一号,这是一封测试邮件,当您收到这封邮件是我们测试程序发送的发送成功!

开始20171012 19:33:06五矿信托,这是一封测试系统邮件,您收到这封邮件是我们测试程序发送的发送中...
耗时 0:00:01.698369s 五矿信托,这是一封测试系统邮件,您收到这封邮件是我们测试程序发送的发送成功!

开始20171012 19:35:29锝金投资一号,这是一封测试邮件,当您收到这封邮件是我们测试程序发送的发送中...
耗时 0:00:01.781779s 锝金投资一号,这是一封测试邮件,当您收到这封邮件是我们测试程序发送的发送成功!

开始20171012 19:35:31五矿信托,这是一封测试系统邮件,您收到这封邮件是我们测试程序发送的发送中...
耗时 0:00:01.796534s 五矿信托,这是一封测试系统邮件,您收到这封邮件是我们测试程序发送的发送成功!

开始20171012 19:36:39锝金投资一号,这是一封测试邮件,当您收到这封邮件是我们测试程序发送的发送中...
耗时 0:00:02.225880s 锝金投资一号,这是一封测试邮件,当您收到这封邮件是我们测试程序发送的发送成功!

开始20171012 19:36:42五矿信托,这是一封测试系统邮件,您收到这封邮件是我们测试程序发送的发送中...
耗时 0:00:03.076243s 五矿信托,这是一封测试系统邮件,您收到这封邮件是我们测试程序发送的发送成功!

开始20171012 19:37:33锝金投资一号,这是一封测试邮件,当您收到这封邮件是我们测试程序发送的发送中...
耗时 0:00:01.738407s 锝金投资一号,这是一封测试邮件,当您收到这封邮件是我们测试程序发送的发送成功!

开始20171012 19:37:35五矿信托,这是一封测试系统邮件,您收到这封邮件是我们测试程序发送的发送中...
耗时 0:00:02.069493s 五矿信托,这是一封测试系统邮件,您收到这封邮件是我们测试程序发送的发送成功!

开始20171012 19:56:40锝金投资一号,这是一封测试邮件,当您收到这封邮件是我们测试程序发送的发送中...
开始20171012 19:58:06锝金投资一号,这是一封测试邮件,当您收到这封邮件是我们测试程序发送的发送中...
开始20171012 19:59:50锝金投资一号,这是一封测试邮件,当您收到这封邮件是我们测试程序发送的发送中...
开始锝金投资一号,这是一封测试邮件,当您收到这封邮件是我们测试程序发送的send...
耗时 0:00:01.768206s 锝金投资一号,这是一封测试邮件,当您收到这封邮件是我们测试程序发送的sendscuss!

开始五矿信托,这是一封测试系统邮件,您收到这封邮件是我们测试程序发送的send...
耗时 0:00:01.747309s 五矿信托,这是一封测试系统邮件,您收到这封邮件是我们测试程序发送的sendscuss!

开始 锝金投资一号,这是一封测试邮件,当您收到这封邮件是我们测试程序发送的send...
耗时0:00:01.678144s 锝金投资一号,这是一封测试邮件,当您收到这封邮件是我们测试程序发送的sendscuss!

开始 五矿信托,这是一封测试系统邮件,您收到这封邮件是我们测试程序发送的send...
耗时0:00:01.763924s 五矿信托,这是一封测试系统邮件,您收到这封邮件是我们测试程序发送的sendscuss!

开始 锝金投资一号,这是一封测试邮件,当您收到这封邮件是我们测试程序发送的发送中...
耗时0:00:01.838638s 锝金投资一号,这是一封测试邮件,当您收到这封邮件是我们测试程序发送的发送成功!

开始 五矿信托,这是一封测试系统邮件,您收到这封邮件是我们测试程序发送的发送中...
耗时0:00:01.759939s 五矿信托,这是一封测试系统邮件,您收到这封邮件是我们测试程序发送的发送成功!

开始 20171012 20:07:50锝金投资一号,这是一封测试邮件,当您收到这封邮件是我们测试程序发送的发送中...
耗时0:00:01.830487s 锝金投资一号,这是一封测试邮件,当您收到这封邮件是我们测试程序发送的发送成功!

开始 20171012 20:07:52五矿信托,这是一封测试系统邮件,您收到这封邮件是我们测试程序发送的发送中...
耗时0:00:01.773742s 五矿信托,这是一封测试系统邮件,您收到这封邮件是我们测试程序发送的发送成功!

开始 20171012 21:20:17锝金投资一号,这是一封测试邮件,当您收到这封邮件是我们测试程序发送的发送中...
开始 20171012 21:20:23五矿信托,这是一封测试系统邮件,您收到这封邮件是我们测试程序发送的发送中...
开始 20171012 21:20:41锝金投资一号,这是一封测试邮件,当您收到这封邮件是我们测试程序发送的发送中...
开始 20171012 21:20:47五矿信托,这是一封测试系统邮件,您收到这封邮件是我们测试程序发送的发送中...
开始 20171012 21:21:57锝金投资一号,这是一封测试邮件,当您收到这封邮件是我们测试程序发送的发送中...
开始 20171012 21:22:02五矿信托,这是一封测试系统邮件,您收到这封邮件是我们测试程序发送的发送中...
